<?xml version="1.0" encoding="UTF-8"?>
<testsuite xmlns:xsi="http://www.w3.org/2001/XMLSchema-instance" xsi:schemaLocation="https://maven.apache.org/surefire/maven-surefire-plugin/xsd/surefire-test-report.xsd" name="ru.bk.akadnikov.tests.AllTestSuite" time="88.602" tests="2" errors="0" skipped="0" failures="0">
  <properties>
[...]
</properties>
  <testcase name="yandexMarketNotebooksTest" classname="ru.bk.akadnikov.tests.MarketNotebook" time="52.69"/>
  <testcase name="MarketTabletTest" classname="ru.bk.akadnikov.tests.MarketTablet" time="35.653"/>
</testsuite>